e:\projects\amazing\amazing\release\vc120.pdb
e:\projects\amazing\amazing\release\inputclass.obj
e:\projects\amazing\amazing\release\blockclass.obj
e:\projects\amazing\amazing\release\amazing.obj
e:\projects\amazing\amazing\release\cameraclass.obj
e:\projects\amazing\amazing\release\mutablestring.obj
e:\projects\amazing\amazing\release\filetracker.obj
e:\projects\amazing\amazing\release\shadercompilerclass.obj
e:\projects\amazing\amazing\release\windowclass.obj
e:\projects\amazing\amazing\release\textureclass.obj
e:\projects\amazing\amazing\release\amazing.exe
e:\projects\amazing\amazing\release\amazing.pdb
e:\projects\amazing\amazing\release\amazing.res
e:\projects\amazing\amazing\release\amazing.tlog\cl.command.1.tlog
e:\projects\amazing\amazing\release\amazing.tlog\cl.read.1.tlog
e:\projects\amazing\amazing\release\amazing.tlog\cl.write.1.tlog
e:\projects\amazing\amazing\release\amazing.tlog\link.command.1.tlog
e:\projects\amazing\amazing\release\amazing.tlog\link.read.1.tlog
e:\projects\amazing\amazing\release\amazing.tlog\link.write.1.tlog
e:\projects\amazing\amazing\release\amazing.tlog\rc.command.1.tlog
e:\projects\amazing\amazing\release\amazing.tlog\rc.read.1.tlog
e:\projects\amazing\amazing\release\amazing.tlog\rc.write.1.tlog
