Build started 2014/9/4 2:29:48.
     1>Project "E:\Projects\aMazing\aMazing\aMazing_2010.vcxproj" on node 2 (Build target(s)).
     1>InitializeBuildStatus:
         Creating "Release\aMazing.tlog\unsuccessfulbuild" because "AlwaysCreate" was specified.
       ClCompile:
         D:\Coding\VS2013\VC\bin\CL.exe /c /IDXUT\Core /IDXUT\Optional /Zi /nologo /W0 /WX- /O2 /Oi /Oy- /GL /D WIN32 /D NDEBUG /D _WINDOWS /D D3DXFX_LARGEADDRESS_HANDLE /D _UNICODE /D UNICODE /Gm- /EHsc /MD /GS /Gy /arch:SSE2 /fp:fast /Zc:wchar_t /Zc:forScope /openmp- /Fo"Release\\" /Fd"Release\vc120.pdb" /Gd /TP /analyze- /errorReport:prompt  FileTracker.cpp MutableString.cpp ShaderCompilerClass.cpp aMazing.cpp
         FileTracker.cpp
         MutableString.cpp
         ShaderCompilerClass.cpp
         aMazing.cpp
       ResourceCompile:
         All outputs are up-to-date.
       Link:
         D:\Coding\VS2013\VC\bin\link.exe /ERRORREPORT:PROMPT /OUT:"E:\Projects\aMazing\aMazing\Release\aMazing.exe" /INCREMENTAL:NO /NOLOGO d3d11.lib d3dcompiler.lib d3dx11.lib d3dx9.lib dxerr.lib dxguid.lib winmm.lib comctl32.lib kernel32.lib user32.lib gdi32.lib winspool.lib comdlg32.lib advapi32.lib shell32.lib ole32.lib oleaut32.lib uuid.lib odbc32.lib odbccp32.lib /MANIFEST /MANIFESTUAC:"level='asInvoker' uiAccess='false'" /manifest:embed /manifestinput:D:\Coding\VS2013\VC\Include\Manifest\dpiaware.manifest /DEBUG /PDB:"E:\Projects\aMazing\aMazing\Release\aMazing.pdb" /SUBSYSTEM:WINDOWS /LARGEADDRESSAWARE /OPT:REF /OPT:ICF /LTCG /TLBID:1 /DYNAMICBASE /NXCOMPAT /IMPLIB:"E:\Projects\aMazing\aMazing\Release\aMazing.lib" /MACHINE:X86 /SAFESEH  Release\aMazing.res
         Release\aMazing.obj
         Release\BlockClass.obj
         Release\CameraClass.obj
         Release\FileTracker.obj
         Release\InputClass.obj
         Release\MutableString.obj
         Release\ShaderCompilerClass.obj
         Generating code
         Finished generating code
         aMazing_2010.vcxproj -> E:\Projects\aMazing\aMazing\Release\aMazing.exe
       FinalizeBuildStatus:
         Deleting file "Release\aMazing.tlog\unsuccessfulbuild".
         Touching "Release\aMazing.tlog\aMazing.lastbuildstate".
     1>Done Building Project "E:\Projects\aMazing\aMazing\aMazing_2010.vcxproj" (Build target(s)).

Build succeeded.

Time Elapsed 00:00:07.36
